<?xml version="1.0" encoding="UTF-8"?>
<!-- Generated by org.testng.reporters.JUnitReportReporter -->
<testsuite skipped="0" hostname="DESKTOP-JKCJUV8" name="Magentotest" tests="1" failures="0" timestamp="29 Nov 2018 06:30:13 GMT" time="56.811" errors="0">
  <testcase name="test" time="56.811" classname="Magentotest"/>
</testsuite> <!-- Magentotest -->
